[INFO ] 2023-07-17 22:58:11.373 [main] Quickbase - URL opened
[INFO ] 2023-07-17 22:58:11.405 [main] Quickbase - URL opened
[INFO ] 2023-07-17 22:58:11.611 [main] Quickbase - Entered Login username/Id
[INFO ] 2023-07-17 22:58:11.663 [main] Quickbase - Entered Login username/Id
[INFO ] 2023-07-17 22:58:11.738 [main] Quickbase - Entered password
[INFO ] 2023-07-17 22:58:11.821 [main] Quickbase - Entered password
[INFO ] 2023-07-17 22:58:17.252 [main] Quickbase - clicked on Sign-in button
[INFO ] 2023-07-17 22:58:19.193 [main] Quickbase - clicked on Sign-in button
[INFO ] 2023-07-18 23:07:27.128 [main] Quickbase - URL opened
[INFO ] 2023-07-18 23:07:27.363 [main] Quickbase - Entered Login username/Id
[INFO ] 2023-07-18 23:07:27.551 [main] Quickbase - Entered password
[INFO ] 2023-07-18 23:07:31.569 [main] Quickbase - clicked on Sign-in button
[INFO ] 2023-07-18 23:09:21.503 [main] Quickbase - URL opened
[INFO ] 2023-07-18 23:09:21.800 [main] Quickbase - Entered Login username/Id
[INFO ] 2023-07-18 23:09:22.023 [main] Quickbase - Entered password
[INFO ] 2023-07-18 23:09:28.509 [main] Quickbase - clicked on Sign-in button
[INFO ] 2023-07-18 23:11:39.980 [main] Quickbase - URL opened
[INFO ] 2023-07-18 23:11:40.300 [main] Quickbase - Entered Login username/Id
[INFO ] 2023-07-18 23:11:40.675 [main] Quickbase - Entered password
[INFO ] 2023-07-18 23:11:44.914 [main] Quickbase - clicked on Sign-in button
[INFO ] 2023-07-18 23:18:41.497 [main] Quickbase - URL opened
[INFO ] 2023-07-18 23:18:41.776 [main] Quickbase - Entered Login username/Id
[INFO ] 2023-07-18 23:18:42.002 [main] Quickbase - Entered password
[INFO ] 2023-07-18 23:18:46.108 [main] Quickbase - clicked on Sign-in button
[INFO ] 2023-07-18 23:21:24.660 [main] Quickbase - URL opened
[INFO ] 2023-07-18 23:21:24.916 [main] Quickbase - Entered Login username/Id
[INFO ] 2023-07-18 23:21:25.148 [main] Quickbase - Entered password
[INFO ] 2023-07-18 23:21:29.189 [main] Quickbase - clicked on Sign-in button
[INFO ] 2023-07-24 12:37:01.080 [main] Quickbase - URL opened
[INFO ] 2023-07-24 12:37:01.231 [main] Quickbase - Entered Login username/Id
[INFO ] 2023-07-24 12:37:01.298 [main] Quickbase - Entered password
[INFO ] 2023-07-24 12:37:03.979 [main] Quickbase - clicked on Sign-in button
[INFO ] 2023-07-24 12:37:26.425 [main] Quickbase - URL opened
[INFO ] 2023-07-24 12:37:26.503 [main] Quickbase - Entered Login username/Id
[INFO ] 2023-07-24 12:37:26.567 [main] Quickbase - Entered password
[INFO ] 2023-07-24 12:37:28.958 [main] Quickbase - clicked on Sign-in button
[INFO ] 2023-07-24 12:38:02.430 [main] Quickbase - URL opened
[INFO ] 2023-07-24 12:38:02.517 [main] Quickbase - Entered Login username/Id
[INFO ] 2023-07-24 12:38:02.584 [main] Quickbase - Entered password
[INFO ] 2023-07-24 12:38:06.850 [main] Quickbase - clicked on Sign-in button
[INFO ] 2023-07-24 12:38:21.093 [main] Quickbase - URL opened
[INFO ] 2023-07-24 12:38:21.182 [main] Quickbase - Entered Login username/Id
[INFO ] 2023-07-24 12:38:21.319 [main] Quickbase - Entered password
[INFO ] 2023-07-24 12:38:26.132 [main] Quickbase - clicked on Sign-in button
[INFO ] 2023-07-24 12:39:14.253 [main] Quickbase - URL opened
[INFO ] 2023-07-24 12:39:14.346 [main] Quickbase - Entered Login username/Id
[INFO ] 2023-07-24 12:39:14.439 [main] Quickbase - Entered password
[INFO ] 2023-07-24 12:39:18.219 [main] Quickbase - clicked on Sign-in button
[INFO ] 2023-07-25 09:47:25.622 [main] Quickbase - URL opened
[INFO ] 2023-07-25 09:47:25.731 [main] Quickbase - Entered Login username/Id
[INFO ] 2023-07-25 09:47:25.801 [main] Quickbase - Entered password
[INFO ] 2023-07-25 09:47:29.019 [main] Quickbase - clicked on Sign-in button
[INFO ] 2023-07-25 09:53:01.531 [main] Quickbase - URL opened
[INFO ] 2023-07-25 09:53:01.652 [main] Quickbase - Entered Login username/Id
[INFO ] 2023-07-25 09:53:01.722 [main] Quickbase - Entered password
[INFO ] 2023-07-25 09:53:04.205 [main] Quickbase - clicked on Sign-in button
[INFO ] 2023-07-25 09:53:14.258 [main] Quickbase - Clicked on Project icon
[INFO ] 2023-07-25 09:53:22.470 [main] Quickbase - URL opened
[INFO ] 2023-07-25 09:53:22.591 [main] Quickbase - Entered Login username/Id
[INFO ] 2023-07-25 09:53:22.657 [main] Quickbase - Entered password
[INFO ] 2023-07-25 09:53:26.025 [main] Quickbase - clicked on Sign-in button
[INFO ] 2023-07-25 09:53:59.617 [main] Quickbase - URL opened
[INFO ] 2023-07-25 09:53:59.737 [main] Quickbase - Entered Login username/Id
[INFO ] 2023-07-25 09:53:59.811 [main] Quickbase - Entered password
[INFO ] 2023-07-25 09:54:02.295 [main] Quickbase - clicked on Sign-in button
[INFO ] 2023-07-25 09:54:17.303 [main] Quickbase - URL opened
[INFO ] 2023-07-25 09:54:17.398 [main] Quickbase - Entered Login username/Id
[INFO ] 2023-07-25 09:54:17.478 [main] Quickbase - Entered password
[INFO ] 2023-07-25 09:54:21.231 [main] Quickbase - clicked on Sign-in button
[INFO ] 2023-07-25 09:54:56.812 [main] Quickbase - URL opened
[INFO ] 2023-07-25 09:54:56.906 [main] Quickbase - Entered Login username/Id
[INFO ] 2023-07-25 09:54:56.997 [main] Quickbase - Entered password
[INFO ] 2023-07-25 09:55:00.846 [main] Quickbase - clicked on Sign-in button
[INFO ] 2023-07-25 10:27:09.899 [main] Quickbase - URL opened
[INFO ] 2023-07-25 10:27:10.008 [main] Quickbase - Entered Login username/Id
[INFO ] 2023-07-25 10:27:10.075 [main] Quickbase - Entered password
[INFO ] 2023-07-25 10:27:12.641 [main] Quickbase - clicked on Sign-in button
[INFO ] 2023-07-25 10:27:19.308 [main] Quickbase - Clicked on Project icon
[INFO ] 2023-07-25 10:27:26.716 [main] Quickbase - URL opened
[INFO ] 2023-07-25 10:27:26.800 [main] Quickbase - Entered Login username/Id
[INFO ] 2023-07-25 10:27:26.864 [main] Quickbase - Entered password
[INFO ] 2023-07-25 10:27:29.322 [main] Quickbase - clicked on Sign-in button
[INFO ] 2023-07-25 10:28:01.793 [main] Quickbase - URL opened
[INFO ] 2023-07-25 10:28:01.879 [main] Quickbase - Entered Login username/Id
[INFO ] 2023-07-25 10:28:01.948 [main] Quickbase - Entered password
[INFO ] 2023-07-25 10:28:05.180 [main] Quickbase - clicked on Sign-in button
[INFO ] 2023-07-25 10:28:19.223 [main] Quickbase - URL opened
[INFO ] 2023-07-25 10:28:19.309 [main] Quickbase - Entered Login username/Id
[INFO ] 2023-07-25 10:28:19.372 [main] Quickbase - Entered password
[INFO ] 2023-07-25 10:28:21.782 [main] Quickbase - clicked on Sign-in button
[INFO ] 2023-07-25 10:28:49.212 [main] Quickbase - URL opened
[INFO ] 2023-07-25 10:28:49.322 [main] Quickbase - Entered Login username/Id
[INFO ] 2023-07-25 10:28:49.382 [main] Quickbase - Entered password
[INFO ] 2023-07-25 10:28:51.819 [main] Quickbase - clicked on Sign-in button
[INFO ] 2023-07-25 12:47:39.352 [main] Quickbase - URL opened
[INFO ] 2023-07-25 12:47:39.653 [main] Quickbase - Entered Login username/Id
[INFO ] 2023-07-25 12:47:39.876 [main] Quickbase - Entered password
[INFO ] 2023-07-25 12:47:43.704 [main] Quickbase - clicked on Sign-in button
[INFO ] 2023-07-25 12:47:49.654 [main] Quickbase - Clicked on Project icon
[INFO ] 2023-07-25 12:48:03.413 [main] Quickbase - URL opened
[INFO ] 2023-07-25 12:48:03.537 [main] Quickbase - Entered Login username/Id
[INFO ] 2023-07-25 12:48:03.677 [main] Quickbase - Entered password
[INFO ] 2023-07-25 12:48:07.482 [main] Quickbase - clicked on Sign-in button
[INFO ] 2023-07-25 12:48:48.400 [main] Quickbase - URL opened
[INFO ] 2023-07-25 12:48:48.542 [main] Quickbase - Entered Login username/Id
[INFO ] 2023-07-25 12:48:48.670 [main] Quickbase - Entered password
[INFO ] 2023-07-25 12:48:51.823 [main] Quickbase - clicked on Sign-in button
[INFO ] 2023-07-25 12:49:07.904 [main] Quickbase - URL opened
[INFO ] 2023-07-25 12:49:08.057 [main] Quickbase - Entered Login username/Id
[INFO ] 2023-07-25 12:49:08.210 [main] Quickbase - Entered password
[INFO ] 2023-07-25 12:49:11.187 [main] Quickbase - clicked on Sign-in button
[INFO ] 2023-07-25 12:49:46.973 [main] Quickbase - URL opened
[INFO ] 2023-07-25 12:49:47.128 [main] Quickbase - Entered Login username/Id
[INFO ] 2023-07-25 12:49:47.304 [main] Quickbase - Entered password
[INFO ] 2023-07-25 12:49:51.353 [main] Quickbase - clicked on Sign-in button
[INFO ] 2023-07-25 13:00:13.844 [main] Quickbase - URL opened
[INFO ] 2023-07-25 13:00:14.101 [main] Quickbase - Entered Login username/Id
[INFO ] 2023-07-25 13:00:14.260 [main] Quickbase - Entered password
[INFO ] 2023-07-25 13:00:17.426 [main] Quickbase - clicked on Sign-in button
[INFO ] 2023-07-25 13:10:33.383 [main] Quickbase - URL opened
[INFO ] 2023-07-25 13:10:33.658 [main] Quickbase - Entered Login username/Id
[INFO ] 2023-07-25 13:10:33.867 [main] Quickbase - Entered password
[INFO ] 2023-07-25 13:10:39.797 [main] Quickbase - clicked on Sign-in button
[INFO ] 2023-07-25 13:11:10.770 [main] Quickbase - URL opened
[INFO ] 2023-07-25 13:11:11.198 [main] Quickbase - Entered Login username/Id
[INFO ] 2023-07-25 13:11:11.436 [main] Quickbase - Entered password
[INFO ] 2023-07-25 13:11:20.195 [main] Quickbase - clicked on Sign-in button
[INFO ] 2023-07-25 13:29:45.361 [main] Quickbase - URL opened
[INFO ] 2023-07-25 13:29:45.660 [main] Quickbase - Entered Login username/Id
[INFO ] 2023-07-25 13:29:45.862 [main] Quickbase - Entered password
[INFO ] 2023-07-25 13:29:49.446 [main] Quickbase - clicked on Sign-in button
[INFO ] 2023-07-25 13:29:56.246 [main] Quickbase - Clicked on Project icon
[INFO ] 2023-07-25 13:30:07.969 [main] Quickbase - URL opened
[INFO ] 2023-07-25 13:30:08.100 [main] Quickbase - Entered Login username/Id
[INFO ] 2023-07-25 13:30:08.259 [main] Quickbase - Entered password
[INFO ] 2023-07-25 13:30:11.864 [main] Quickbase - clicked on Sign-in button
[INFO ] 2023-07-25 13:31:05.105 [main] Quickbase - URL opened
[INFO ] 2023-07-25 13:31:05.359 [main] Quickbase - Entered Login username/Id
[INFO ] 2023-07-25 13:31:05.548 [main] Quickbase - Entered password
[INFO ] 2023-07-25 13:31:10.676 [main] Quickbase - clicked on Sign-in button
[INFO ] 2023-07-25 13:31:57.966 [main] Quickbase - URL opened
[INFO ] 2023-07-25 13:31:58.228 [main] Quickbase - Entered Login username/Id
[INFO ] 2023-07-25 13:31:58.430 [main] Quickbase - Entered password
[INFO ] 2023-07-25 13:32:01.789 [main] Quickbase - clicked on Sign-in button
[INFO ] 2023-07-25 13:33:14.024 [main] Quickbase - URL opened
[INFO ] 2023-07-25 13:33:14.158 [main] Quickbase - Entered Login username/Id
[INFO ] 2023-07-25 13:33:14.283 [main] Quickbase - Entered password
[INFO ] 2023-07-25 13:33:20.205 [main] Quickbase - clicked on Sign-in button
[INFO ] 2023-07-25 13:34:42.071 [main] Quickbase - URL opened
[INFO ] 2023-07-25 13:34:42.380 [main] Quickbase - Entered Login username/Id
[INFO ] 2023-07-25 13:34:42.599 [main] Quickbase - Entered password
[INFO ] 2023-07-25 13:34:49.108 [main] Quickbase - clicked on Sign-in button
[INFO ] 2023-07-27 12:52:43.335 [main] Quickbase - URL opened
[INFO ] 2023-07-27 12:52:43.463 [main] Quickbase - Entered Login username/Id
[INFO ] 2023-07-27 12:52:43.535 [main] Quickbase - Entered password
[INFO ] 2023-07-27 12:52:48.211 [main] Quickbase - clicked on Sign-in button
